{
  "RSpec": {
    "coverage": {
      "/Users/rocco/Makers/week1/airport_challenge/spec/airport_spec.rb": [
        1,
        null,
        null,
        1,
        null,
        1,
        6,
        null,
        null,
        4,
        1,
        null,
        1,
        1,
        null,
        null,
        1,
        1,
        null,
        null,
        1,
        1,
        1,
        1,
        11,
        2,
        null,
        null,
        1,
        1,
        null,
        null,
        1,
        1,
        2,
        null,
        null,
        1,
        1,
        2,
        null,
        null,
        null
      ],
      "/Users/rocco/Makers/week1/airport_challenge/lib/airport.rb": [
        1,
        1,
        null,
        1,
        null,
        1,
        1,
        null,
        1,
        null,
        1,
        5,
        null,
        null,
        1,
        12,
        11,
        10,
        10,
        null,
        null,
        1,
        1,
        0,
        null,
        null,
        1,
        0,
        null,
        null,
        null,
        1,
        11,
        null,
        null,
        null
      ],
      "/Users/rocco/Makers/week1/airport_challenge/lib/plane.rb": [
        1,
        null,
        1,
        null,
        1,
        3,
        null,
        null,
        1,
        1,
        null,
        null,
        1,
        1,
        null,
        null
      ],
      "/Users/rocco/Makers/week1/airport_challenge/lib/weather.rb": [
        1,
        1,
        null,
        1,
        0,
        null,
        null
      ],
      "/Users/rocco/Makers/week1/airport_challenge/spec/plane_spec.rb": [
        1,
        null,
        1,
        null,
        1,
        1,
        null,
        1,
        1,
        1,
        null,
        1,
        1,
        1,
        null,
        null,
        null
      ]
    },
    "timestamp": 1437574239
  }
}
